#
# A fatal error has been detected by the Java Runtime Environment:
#
#  EXCEPTION_ACCESS_VIOLATION (0xc0000005) at pc=0x00007ff9b8999a32, pid=11408, tid=7888
#
# JRE version: Java(TM) SE Runtime Environment (17.0.1+12) (build 17.0.1+12-LTS-39)
# Java VM: Java HotSpot(TM) 64-Bit Server VM (17.0.1+12-LTS-39, mixed mode, sharing, tiered, compressed oops, compressed class ptrs, g1 gc, windows-amd64)
# Problematic frame:
# V  [jvm.dll+0x579a32]
#
# No core dump will be written. Minidumps are not enabled by default on client versions of Windows
#
# If you would like to submit a bug report, please visit:
#   https://bugreport.java.com/bugreport/crash.jsp
#

---------------  S U M M A R Y ------------

Command Line: -javaagent:C:\Program Files\JetBrains\IntelliJ IDEA Community Edition 2021.3.1\lib\idea_rt.jar=49745:C:\Program Files\JetBrains\IntelliJ IDEA Community Edition 2021.3.1\bin -Dfile.encoding=UTF-8 Main

Host: Intel(R) Core(TM) i5-6200U CPU @ 2.30GHz, 4 cores, 7G,  Windows 10 , 64 bit Build 19041 (10.0.19041.1889)
Time: Fri Sep 16 10:28:13 2022 Türkiye Standart Saati elapsed time: 2.218440 seconds (0d 0h 0m 2s)

---------------  T H R E A D  ---------------

Current thread (0x0000027ef82bef40):  JavaThread "C2 CompilerThread0" daemon [_thread_in_native, id=7888, stack(0x0000009829d00000,0x0000009829e00000)]


Current CompileTask:
C2:   2218  399 %     4       Main::main @ 33 (95 bytes)

Stack: [0x0000009829d00000,0x0000009829e00000],  sp=0x0000009829dfa530,  free space=1001k
Native frames: (J=compiled Java code, j=interpreted, Vv=VM code, C=native code)
V  [jvm.dll+0x579a32]
V  [jvm.dll+0x579754]
V  [jvm.dll+0x5789c8]
V  [jvm.dll+0x21dd7d]
V  [jvm.dll+0x21e15f]
V  [jvm.dll+0x217a2a]
V  [jvm.dll+0x214f05]
V  [jvm.dll+0x1a168d]
V  [jvm.dll+0x224848]
V  [jvm.dll+0x2229ac]
V  [jvm.dll+0x78435b]
V  [jvm.dll+0x77e91a]
V  [jvm.dll+0x66e845]
C  [ucrtbase.dll+0x21bb2]
C  [KERNEL32.DLL+0x17034]
C  [ntdll.dll+0x526a1]


siginfo: EXCEPTION_ACCESS_VIOLATION (0xc0000005), reading address 0x0000000000000008


Register to memory mapping:

RIP=0x00007ff9b8999a32 jvm.dll
RAX=0x0000027ef92f5e20 points into unknown readable memory: 0x0000000000000000 | 00 00 00 00 00 00 00 00
RBX=0x0 is NULL
RCX=0x0 is NULL
RDX=0x0000000000002000 is an unknown value
RSP=0x0000009829dfa530 is pointing into the stack for thread: 0x0000027ef82bef40
RBP=0x0000027ef90046e0 points into unknown readable memory: 0x0000000000000000 | 00 00 00 00 00 00 00 00
RSI=0x0000027ef9124e58 points into unknown readable memory: 0x00007ff9b8cd0a00 | 00 0a cd b8 f9 7f 00 00
RDI=0x0000009829dfa950 is pointing into the stack for thread: 0x0000027ef82bef40
R8 =0x0000027ef92f5e20 points into unknown readable memory: 0x0000000000000000 | 00 00 00 00 00 00 00 00
R9 =0x0 is NULL
R10=0xfefefefefefefeff is an unknown value
R11=0x8080808080808080 is an unknown value
R12=0x0000009829dfa620 is pointing into the stack for thread: 0x0000027ef82bef40
R13=0x0000009829dfa600 is pointing into the stack for thread: 0x0000027ef82bef40
R14=0x0000027ef8e8fe90 points into unknown readable memory: 0x00007ff9b8d549c8 | c8 49 d5 b8 f9 7f 00 00
R15=0x0000027ef8e8ae90 points into unknown readable memory: 0x00007ff9b8cd0ed8 | d8 0e cd b8 f9 7f 00 00


Registers:
RAX=0x0000027ef92f5e20, RBX=0x0000000000000000, RCX=0x0000000000000000, RDX=0x0000000000002000
RSP=0x0000009829dfa530, RBP=0x0000027ef90046e0, RSI=0x0000027ef9124e58, RDI=0x0000009829dfa950
R8 =0x0000027ef92f5e20, R9 =0x0000000000000000, R10=0xfefefefefefefeff, R11=0x8080808080808080
R12=0x0000009829dfa620, R13=0x0000009829dfa600, R14=0x0000027ef8e8fe90, R15=0x0000027ef8e8ae90
RIP=0x00007ff9b8999a32, EFLAGS=0x0000000000010206

Top of Stack: (sp=0x0000009829dfa530)
0x0000009829dfa530:   0000000000000193 0000009829dfa950
0x0000009829dfa540:   0000000000000001 0000027ef8f32898
0x0000009829dfa550:   0000000000000001 0000009829dfa640
0x0000009829dfa560:   0000027ef8e95598 00007ff9b8999754
0x0000009829dfa570:   0000000000000001 0000000000000193
0x0000009829dfa580:   0000027ef8e8fe90 0000027ee9b985a8
0x0000009829dfa590:   0000000000000000 0000027ee9b985d8
0x0000009829dfa5a0:   0000027ef82c4de8 0000009829dfa6d0
0x0000009829dfa5b0:   0000000000030300 0000027ee9abbfc0
0x0000009829dfa5c0:   0000000000000001 00007ff9b89989c8
0x0000009829dfa5d0:   0000009829dfa950 0000009829dfa950
0x0000009829dfa5e0:   0000027e00000001 0000009829dfa640
0x0000009829dfa5f0:   0000000000000000 0000000000000000
0x0000009829dfa600:   0000027ef82ba9f0 0000000000000200
0x0000009829dfa610:   0000027ef92c0030 0000027e00000194
0x0000009829dfa620:   0000000000000080 0000027ef9241790 

Instructions: (pc=0x00007ff9b8999a32)
0x00007ff9b8999932:   8b 5e 28 3b 5f 28 72 0b 8b d3 48 8d 4f 20 e8 cb
0x00007ff9b8999942:   4a 0d 00 48 8b 47 30 48 c7 04 d8 00 00 00 00 48
0x00007ff9b8999952:   83 c4 20 41 5e 5f 5b c3 49 8b d6 4c 89 7c 24 50
0x00007ff9b8999962:   48 8b cf e8 e6 d0 fe ff 45 33 c9 4c 8b c0 49 8b
0x00007ff9b8999972:   d6 48 8b cf 4c 8b f8 e8 92 12 00 00 41 8b 4e 2c
0x00007ff9b8999982:   48 8b d8 83 e1 3f 80 f9 30 75 19 49 3b c7 74 14
0x00007ff9b8999992:   4c 8b c8 4d 8b c7 49 8b d6 48 8b cf e8 7d 3a 00
0x00007ff9b89999a2:   00 48 8b d8 48 89 74 24 48 48 85 db 75 55 41 8b
0x00007ff9b89999b2:   5e 28 3b 5f 28 72 0b 8b d3 48 8d 4f 20 e8 4c 4a
0x00007ff9b89999c2:   0d 00 48 8b 47 30 48 c7 04 d8 00 00 00 00 8b 9f
0x00007ff9b89999d2:   d0 09 00 00 8d 43 01 89 87 d0 09 00 00 3b 9f c0
0x00007ff9b89999e2:   09 00 00 72 0e 8b d3 48 8d 8f b8 09 00 00 e8 1b
0x00007ff9b89999f2:   4a 0d 00 48 8b 87 c8 09 00 00 4c 89 34 d8 e9 38
0x00007ff9b8999a02:   02 00 00 48 89 6c 24 40 48 8b f3 4c 3b fb 0f 84
0x00007ff9b8999a12:   7d 01 00 00 8b 57 28 0f 1f 80 00 00 00 00 8b 4b
0x00007ff9b8999a22:   28 48 8b 87 f8 09 00 00 48 8b 1c c8 4c 8d 04 c8
0x00007ff9b8999a32:   48 8b 43 08 48 83 38 00 75 27 0f 1f 40 00 8b 43
0x00007ff9b8999a42:   28 3b c2 73 0c 8b c8 48 8b 47 30 48 8b 1c c8 eb
0x00007ff9b8999a52:   02 33 db 48 83 e3 fe 48 8b 43 08 48 83 38 00 74
0x00007ff9b8999a62:   dd 49 89 18 8b 43 28 8b 57 28 3b c2 73 0f 8b c8
0x00007ff9b8999a72:   48 8b 47 30 48 8b 2c c8 48 85 ed 75 07 48 8b af
0x00007ff9b8999a82:   90 09 00 00 48 85 f6 75 27 4c 8d 0d ae e0 36 00
0x00007ff9b8999a92:   ba a9 03 00 00 4c 8d 05 b2 e0 36 00 48 8d 0d b3
0x00007ff9b8999aa2:   eb 35 00 e8 46 8f cc ff e8 e1 5a 0f 00 8b 57 28
0x00007ff9b8999ab2:   8b 46 28 3b c2 73 0f 8b c8 48 8b 47 30 4c 8b 04
0x00007ff9b8999ac2:   c8 4d 85 c0 75 07 4c 8b 87 90 09 00 00 41 0f b7
0x00007ff9b8999ad2:   40 58 48 8b cb 66 39 45 58 48 0f 43 ce 48 8b f1
0x00007ff9b8999ae2:   4c 3b fb 0f 85 35 ff ff ff 49 3b cf 0f 84 9f 00
0x00007ff9b8999af2:   00 00 e8 87 61 0d 00 48 85 c0 0f 84 91 00 00 00
0x00007ff9b8999b02:   8b 48 2c 83 e1 7f 80 f9 60 0f 85 82 00 00 00 48
0x00007ff9b8999b12:   8b 40 08 48 3b 70 08 75 78 8b 46 2c 24 0f 3c 08
0x00007ff9b8999b22:   75 6f 33 d2 48 8b ce e8 22 4b 0c 00 48 85 c0 74 


Stack slot to memory mapping:
stack at sp + 0 slots: 0x0000000000000193 is an unknown value
stack at sp + 1 slots: 0x0000009829dfa950 is pointing into the stack for thread: 0x0000027ef82bef40
stack at sp + 2 slots: 0x0000000000000001 is an unknown value
stack at sp + 3 slots: 0x0000027ef8f32898 points into unknown readable memory: 0x00007ff9b8c6b668 | 68 b6 c6 b8 f9 7f 00 00
stack at sp + 4 slots: 0x0000000000000001 is an unknown value
stack at sp + 5 slots: 0x0000009829dfa640 is pointing into the stack for thread: 0x0000027ef82bef40
stack at sp + 6 slots: 0x0000027ef8e95598 points into unknown readable memory: 0x00007ff9b8ce5bc0 | c0 5b ce b8 f9 7f 00 00
stack at sp + 7 slots: 0x00007ff9b8999754 jvm.dll


---------------  P R O C E S S  ---------------

Threads class SMR info:
_java_thread_list=0x0000027ef8e029c0, length=14, elements={
0x0000027ee9accd00, 0x0000027ef82a87c0, 0x0000027ef82a9430, 0x0000027ef82bc4a0,
0x0000027ef82bce50, 0x0000027ef82bd800, 0x0000027ef82be1b0, 0x0000027ef82bef40,
0x0000027ef82d86d0, 0x0000027ef8333470, 0x0000027ef8d4b100, 0x0000027ef8db9090,
0x0000027ef8dc29c0, 0x0000027ef8eb03e0
}

Java Threads: ( => current thread )
  0x0000027ee9accd00 JavaThread "main" [_thread_in_native, id=10932, stack(0x0000009829000000,0x0000009829100000)]
  0x0000027ef82a87c0 JavaThread "Reference Handler" daemon [_thread_blocked, id=8480, stack(0x0000009829700000,0x0000009829800000)]
  0x0000027ef82a9430 JavaThread "Finalizer" daemon [_thread_blocked, id=5196, stack(0x0000009829800000,0x0000009829900000)]
  0x0000027ef82bc4a0 JavaThread "Signal Dispatcher" daemon [_thread_blocked, id=11932, stack(0x0000009829900000,0x0000009829a00000)]
  0x0000027ef82bce50 JavaThread "Attach Listener" daemon [_thread_blocked, id=7968, stack(0x0000009829a00000,0x0000009829b00000)]
  0x0000027ef82bd800 JavaThread "Service Thread" daemon [_thread_blocked, id=3372, stack(0x0000009829b00000,0x0000009829c00000)]
  0x0000027ef82be1b0 JavaThread "Monitor Deflation Thread" daemon [_thread_blocked, id=11820, stack(0x0000009829c00000,0x0000009829d00000)]
=>0x0000027ef82bef40 JavaThread "C2 CompilerThread0" daemon [_thread_in_native, id=7888, stack(0x0000009829d00000,0x0000009829e00000)]
  0x0000027ef82d86d0 JavaThread "C1 CompilerThread0" daemon [_thread_blocked, id=8256, stack(0x0000009829e00000,0x0000009829f00000)]
  0x0000027ef8333470 JavaThread "Sweeper thread" daemon [_thread_blocked, id=11832, stack(0x0000009829f00000,0x000000982a000000)]
  0x0000027ef8d4b100 JavaThread "Common-Cleaner" daemon [_thread_blocked, id=13136, stack(0x000000982a000000,0x000000982a100000)]
  0x0000027ef8db9090 JavaThread "Monitor Ctrl-Break" daemon [_thread_in_native, id=13108, stack(0x000000982a100000,0x000000982a200000)]
  0x0000027ef8dc29c0 JavaThread "Notification Thread" daemon [_thread_blocked, id=10348, stack(0x000000982a200000,0x000000982a300000)]
  0x0000027ef8eb03e0 JavaThread "C2 CompilerThread1" daemon [_thread_blocked, id=2872, stack(0x000000982a400000,0x000000982a500000)]

Other Threads:
  0x0000027ef829cfe0 VMThread "VM Thread" [stack: 0x0000009829600000,0x0000009829700000] [id=11456]
  0x0000027ee9b222c0 WatcherThread [stack: 0x000000982a300000,0x000000982a400000] [id=8720]
  0x0000027ee9b09e60 GCTaskThread "GC Thread#0" [stack: 0x0000009829100000,0x0000009829200000] [id=1248]
  0x0000027ee9b1baf0 ConcurrentGCThread "G1 Main Marker" [stack: 0x0000009829200000,0x0000009829300000] [id=2040]
  0x0000027ee9b1c500 ConcurrentGCThread "G1 Conc#0" [stack: 0x0000009829300000,0x0000009829400000] [id=11700]
  0x0000027ee9b95130 ConcurrentGCThread "G1 Refine#0" [stack: 0x0000009829400000,0x0000009829500000] [id=1620]
  0x0000027ee9b95b50 ConcurrentGCThread "G1 Service" [stack: 0x0000009829500000,0x0000009829600000] [id=1064]

Threads with active compile tasks:
C2 CompilerThread0     2350  399 %     4       Main::main @ 33 (95 bytes)

VM state: not at safepoint (normal execution)

VM Mutex/Monitor currently owned by a thread: None

Heap address: 0x0000000081600000, size: 2026 MB, Compressed Oops mode: 32-bit

CDS archive(s) mapped at: [0x0000000800000000-0x0000000800bc0000-0x0000000800bc0000), size 12320768, SharedBaseAddress: 0x0000000800000000, ArchiveRelocationMode: 0.
Compressed class space mapped at: 0x0000000800c00000-0x0000000840c00000, reserved size: 1073741824
Narrow klass base: 0x0000000800000000, Narrow klass shift: 0, Narrow klass range: 0x100000000

GC Precious Log:
 CPUs: 4 total, 4 available
 Memory: 8100M
 Large Page Support: Disabled
 NUMA Support: Disabled
 Compressed Oops: Enabled (32-bit)
 Heap Region Size: 1M
 Heap Min Capacity: 8M
 Heap Initial Capacity: 128M
 Heap Max Capacity: 2026M
 Pre-touch: Disabled
 Parallel Workers: 4
 Concurrent Workers: 1
 Concurrent Refinement Workers: 4
 Periodic GC: Disabled

Heap:
 garbage-first heap   total 131072K, used 5120K [0x0000000081600000, 0x0000000100000000)
  region size 1024K, 6 young (6144K), 0 survivors (0K)
 Metaspace       used 997K, committed 1152K, reserved 1056768K
  class space    used 78K, committed 192K, reserved 1048576K

Heap Regions: E=young(eden), S=young(survivor), O=old, HS=humongous(starts), HC=humongous(continues), CS=collection set, F=free, OA=open archive, CA=closed archive, TAMS=top-at-mark-start (previous, next)
|   0|0x0000000081600000, 0x0000000081600000, 0x0000000081700000|  0%| F|  |TAMS 0x0000000081600000, 0x0000000081600000| Untracked 
|   1|0x0000000081700000, 0x0000000081700000, 0x0000000081800000|  0%| F|  |TAMS 0x0000000081700000, 0x0000000081700000| Untracked 
|   2|0x0000000081800000, 0x0000000081800000, 0x0000000081900000|  0%| F|  |TAMS 0x0000000081800000, 0x0000000081800000| Untracked 
|   3|0x0000000081900000, 0x0000000081900000, 0x0000000081a00000|  0%| F|  |TAMS 0x0000000081900000, 0x0000000081900000| Untracked 
|   4|0x0000000081a00000, 0x0000000081a00000, 0x0000000081b00000|  0%| F|  |TAMS 0x0000000081a00000, 0x0000000081a00000| Untracked 
|   5|0x0000000081b00000, 0x0000000081b00000, 0x0000000081c00000|  0%| F|  |TAMS 0x0000000081b00000, 0x0000000081b00000| Untracked 
|   6|0x0000000081c00000, 0x0000000081c00000, 0x0000000081d00000|  0%| F|  |TAMS 0x0000000081c00000, 0x0000000081c00000| Untracked 
|   7|0x0000000081d00000, 0x0000000081d00000, 0x0000000081e00000|  0%| F|  |TAMS 0x0000000081d00000, 0x0000000081d00000| Untracked 
|   8|0x0000000081e00000, 0x0000000081e00000, 0x0000000081f00000|  0%| F|  |TAMS 0x0000000081e00000, 0x0000000081e00000| Untracked 
|   9|0x0000000081f00000, 0x0000000081f00000, 0x0000000082000000|  0%| F|  |TAMS 0x0000000081f00000, 0x0000000081f00000| Untracked 
|  10|0x0000000082000000, 0x0000000082000000, 0x0000000082100000|  0%| F|  |TAMS 0x0000000082000000, 0x0000000082000000| Untracked 
|  11|0x0000000082100000, 0x0000000082100000, 0x0000000082200000|  0%| F|  |TAMS 0x0000000082100000, 0x0000000082100000| Untracked 
|  12|0x0000000082200000, 0x0000000082200000, 0x0000000082300000|  0%| F|  |TAMS 0x0000000082200000, 0x0000000082200000| Untracked 
|  13|0x0000000082300000, 0x0000000082300000, 0x0000000082400000|  0%| F|  |TAMS 0x0000000082300000, 0x0000000082300000| Untracked 
|  14|0x0000000082400000, 0x0000000082400000, 0x0000000082500000|  0%| F|  |TAMS 0x0000000082400000, 0x0000000082400000| Untracked 
|  15|0x0000000082500000, 0x0000000082500000, 0x0000000082600000|  0%| F|  |TAMS 0x0000000082500000, 0x0000000082500000| Untracked 
|  16|0x0000000082600000, 0x0000000082600000, 0x0000000082700000|  0%| F|  |TAMS 0x0000000082600000, 0x0000000082600000| Untracked 
|  17|0x0000000082700000, 0x0000000082700000, 0x0000000082800000|  0%| F|  |TAMS 0x0000000082700000, 0x0000000082700000| Untracked 
|  18|0x0000000082800000, 0x0000000082800000, 0x0000000082900000|  0%| F|  |TAMS 0x0000000082800000, 0x0000000082800000| Untracked 
|  19|0x0000000082900000, 0x0000000082900000, 0x0000000082a00000|  0%| F|  |TAMS 0x0000000082900000, 0x0000000082900000| Untracked 
|  20|0x0000000082a00000, 0x0000000082a00000, 0x0000000082b00000|  0%| F|  |TAMS 0x0000000082a00000, 0x0000000082a00000| Untracked 
|  21|0x0000000082b00000, 0x0000000082b00000, 0x0000000082c00000|  0%| F|  |TAMS 0x0000000082b00000, 0x0000000082b00000| Untracked 
|  22|0x0000000082c00000, 0x0000000082c00000, 0x0000000082d00000|  0%| F|  |TAMS 0x0000000082c00000, 0x0000000082c00000| Untracked 
|  23|0x0000000082d00000, 0x0000000082d00000, 0x0000000082e00000|  0%| F|  |TAMS 0x0000000082d00000, 0x0000000082d00000| Untracked 
|  24|0x0000000082e00000, 0x0000000082e00000, 0x0000000082f00000|  0%| F|  |TAMS 0x0000000082e00000, 0x0000000082e00000| Untracked 
|  25|0x0000000082f00000, 0x0000000082f00000, 0x0000000083000000|  0%| F|  |TAMS 0x0000000082f00000, 0x0000000082f00000| Untracked 
|  26|0x0000000083000000, 0x0000000083000000, 0x0000000083100000|  0%| F|  |TAMS 0x0000000083000000, 0x0000000083000000| Untracked 
|  27|0x0000000083100000, 0x0000000083100000, 0x0000000083200000|  0%| F|  |TAMS 0x0000000083100000, 0x0000000083100000| Untracked 
|  28|0x0000000083200000, 0x0000000083200000, 0x0000000083300000|  0%| F|  |TAMS 0x0000000083200000, 0x0000000083200000| Untracked 
|  29|0x0000000083300000, 0x0000000083300000, 0x0000000083400000|  0%| F|  |TAMS 0x0000000083300000, 0x0000000083300000| Untracked 
|  30|0x0000000083400000, 0x0000000083400000, 0x0000000083500000|  0%| F|  |TAMS 0x0000000083400000, 0x0000000083400000| Untracked 
|  31|0x0000000083500000, 0x0000000083500000, 0x0000000083600000|  0%| F|  |TAMS 0x0000000083500000, 0x0000000083500000| Untracked 
|  32|0x0000000083600000, 0x0000000083600000, 0x0000000083700000|  0%| F|  |TAMS 0x0000000083600000, 0x0000000083600000| Untracked 
|  33|0x0000000083700000, 0x0000000083700000, 0x0000000083800000|  0%| F|  |TAMS 0x0000000083700000, 0x0000000083700000| Untracked 
|  34|0x0000000083800000, 0x0000000083800000, 0x0000000083900000|  0%| F|  |TAMS 0x0000000083800000, 0x0000000083800000| Untracked 
|  35|0x0000000083900000, 0x0000000083900000, 0x0000000083a00000|  0%| F|  |TAMS 0x0000000083900000, 0x0000000083900000| Untracked 
|  36|0x0000000083a00000, 0x0000000083a00000, 0x0000000083b00000|  0%| F|  |TAMS 0x0000000083a00000, 0x0000000083a00000| Untracked 
|  37|0x0000000083b00000, 0x0000000083b00000, 0x0000000083c00000|  0%| F|  |TAMS 0x0000000083b00000, 0x0000000083b00000| Untracked 
|  38|0x0000000083c00000, 0x0000000083c00000, 0x0000000083d00000|  0%| F|  |TAMS 0x0000000083c00000, 0x0000000083c00000| Untracked 
|  39|0x0000000083d00000, 0x0000000083d00000, 0x0000000083e00000|  0%| F|  |TAMS 0x0000000083d00000, 0x0000000083d00000| Untracked 
|  40|0x0000000083e00000, 0x0000000083e00000, 0x0000000083f00000|  0%| F|  |TAMS 0x0000000083e00000, 0x0000000083e00000| Untracked 
|  41|0x0000000083f00000, 0x0000000083f00000, 0x0000000084000000|  0%| F|  |TAMS 0x0000000083f00000, 0x0000000083f00000| Untracked 
|  42|0x0000000084000000, 0x0000000084000000, 0x0000000084100000|  0%| F|  |TAMS 0x0000000084000000, 0x0000000084000000| Untracked 
|  43|0x0000000084100000, 0x0000000084100000, 0x0000000084200000|  0%| F|  |TAMS 0x0000000084100000, 0x0000000084100000| Untracked 
|  44|0x0000000084200000, 0x0000000084200000, 0x0000000084300000|  0%| F|  |TAMS 0x0000000084200000, 0x0000000084200000| Untracked 
|  45|0x0000000084300000, 0x0000000084300000, 0x0000000084400000|  0%| F|  |TAMS 0x0000000084300000, 0x0000000084300000| Untracked 
|  46|0x0000000084400000, 0x0000000084400000, 0x0000000084500000|  0%| F|  |TAMS 0x0000000084400000, 0x0000000084400000| Untracked 
|  47|0x0000000084500000, 0x0000000084500000, 0x0000000084600000|  0%| F|  |TAMS 0x0000000084500000, 0x0000000084500000| Untracked 
|  48|0x0000000084600000, 0x0000000084600000, 0x0000000084700000|  0%| F|  |TAMS 0x0000000084600000, 0x0000000084600000| Untracked 
|  49|0x0000000084700000, 0x0000000084700000, 0x0000000084800000|  0%| F|  |TAMS 0x0000000084700000, 0x0000000084700000| Untracked 
|  50|0x0000000084800000, 0x0000000084800000, 0x0000000084900000|  0%| F|  |TAMS 0x0000000084800000, 0x0000000084800000| Untracked 
|  51|0x0000000084900000, 0x0000000084900000, 0x0000000084a00000|  0%| F|  |TAMS 0x0000000084900000, 0x0000000084900000| Untracked 
|  52|0x0000000084a00000, 0x0000000084a00000, 0x0000000084b00000|  0%| F|  |TAMS 0x0000000084a00000, 0x0000000084a00000| Untracked 
|  53|0x0000000084b00000, 0x0000000084b00000, 0x0000000084c00000|  0%| F|  |TAMS 0x0000000084b00000, 0x0000000084b00000| Untracked 
|  54|0x0000000084c00000, 0x0000000084c00000, 0x0000000084d00000|  0%| F|  |TAMS 0x0000000084c00000, 0x0000000084c00000| Untracked 
|  55|0x0000000084d00000, 0x0000000084d00000, 0x0000000084e00000|  0%| F|  |TAMS 0x0000000084d00000, 0x0000000084d00000| Untracked 
|  56|0x0000000084e00000, 0x0000000084e00000, 0x0000000084f00000|  0%| F|  |TAMS 0x0000000084e00000, 0x0000000084e00000| Untracked 
|  57|0x0000000084f00000, 0x0000000084f00000, 0x0000000085000000|  0%| F|  |TAMS 0x0000000084f00000, 0x0000000084f00000| Untracked 
|  58|0x0000000085000000, 0x0000000085000000, 0x0000000085100000|  0%| F|  |TAMS 0x0000000085000000, 0x0000000085000000| Untracked 
|  59|0x0000000085100000, 0x0000000085100000, 0x0000000085200000|  0%| F|  |TAMS 0x0000000085100000, 0x0000000085100000| Untracked 
|  60|0x0000000085200000, 0x0000000085200000, 0x0000000085300000|  0%| F|  |TAMS 0x0000000085200000, 0x0000000085200000| Untracked 
|  61|0x0000000085300000, 0x0000000085300000, 0x0000000085400000|  0%| F|  |TAMS 0x0000000085300000, 0x0000000085300000| Untracked 
|  62|0x0000000085400000, 0x0000000085400000, 0x0000000085500000|  0%| F|  |TAMS 0x0000000085400000, 0x0000000085400000| Untracked 
|  63|0x0000000085500000, 0x0000000085500000, 0x0000000085600000|  0%| F|  |TAMS 0x0000000085500000, 0x0000000085500000| Untracked 
|  64|0x0000000085600000, 0x0000000085600000, 0x0000000085700000|  0%| F|  |TAMS 0x0000000085600000, 0x0000000085600000| Untracked 
|  65|0x0000000085700000, 0x0000000085700000, 0x0000000085800000|  0%| F|  |TAMS 0x0000000085700000, 0x0000000085700000| Untracked 
|  66|0x0000000085800000, 0x0000000085800000, 0x0000000085900000|  0%| F|  |TAMS 0x0000000085800000, 0x0000000085800000| Untracked 
|  67|0x0000000085900000, 0x0000000085900000, 0x0000000085a00000|  0%| F|  |TAMS 0x0000000085900000, 0x0000000085900000| Untracked 
|  68|0x0000000085a00000, 0x0000000085a00000, 0x0000000085b00000|  0%| F|  |TAMS 0x0000000085a00000, 0x0000000085a00000| Untracked 
|  69|0x0000000085b00000, 0x0000000085b00000, 0x0000000085c00000|  0%| F|  |TAMS 0x0000000085b00000, 0x0000000085b00000| Untracked 
|  70|0x0000000085c00000, 0x0000000085c00000, 0x0000000085d00000|  0%| F|  |TAMS 0x0000000085c00000, 0x0000000085c00000| Untracked 
|  71|0x0000000085d00000, 0x0000000085d00000, 0x0000000085e00000|  0%| F|  |TAMS 0x0000000085d00000, 0x0000000085d00000| Untracked 
|  72|0x0000000085e00000, 0x0000000085e00000, 0x0000000085f00000|  0%| F|  |TAMS 0x0000000085e00000, 0x0000000085e00000| Untracked 
|  73|0x0000000085f00000, 0x0000000085f00000, 0x0000000086000000|  0%| F|  |TAMS 0x0000000085f00000, 0x0000000085f00000| Untracked 
|  74|0x0000000086000000, 0x0000000086000000, 0x0000000086100000|  0%| F|  |TAMS 0x0000000086000000, 0x0000000086000000| Untracked 
|  75|0x0000000086100000, 0x0000000086100000, 0x0000000086200000|  0%| F|  |TAMS 0x0000000086100000, 0x0000000086100000| Untracked 
|  76|0x0000000086200000, 0x0000000086200000, 0x0000000086300000|  0%| F|  |TAMS 0x0000000086200000, 0x0000000086200000| Untracked 
|  77|0x0000000086300000, 0x0000000086300000, 0x0000000086400000|  0%| F|  |TAMS 0x0000000086300000, 0x0000000086300000| Untracked 
|  78|0x0000000086400000, 0x0000000086400000, 0x0000000086500000|  0%| F|  |TAMS 0x0000000086400000, 0x0000000086400000| Untracked 
|  79|0x0000000086500000, 0x0000000086500000, 0x0000000086600000|  0%| F|  |TAMS 0x0000000086500000, 0x0000000086500000| Untracked 
|  80|0x0000000086600000, 0x0000000086600000, 0x0000000086700000|  0%| F|  |TAMS 0x0000000086600000, 0x0000000086600000| Untracked 
|  81|0x0000000086700000, 0x0000000086700000, 0x0000000086800000|  0%| F|  |TAMS 0x0000000086700000, 0x0000000086700000| Untracked 
|  82|0x0000000086800000, 0x0000000086800000, 0x0000000086900000|  0%| F|  |TAMS 0x0000000086800000, 0x0000000086800000| Untracked 
|  83|0x0000000086900000, 0x0000000086900000, 0x0000000086a00000|  0%| F|  |TAMS 0x0000000086900000, 0x0000000086900000| Untracked 
|  84|0x0000000086a00000, 0x0000000086a00000, 0x0000000086b00000|  0%| F|  |TAMS 0x0000000086a00000, 0x0000000086a00000| Untracked 
|  85|0x0000000086b00000, 0x0000000086b00000, 0x0000000086c00000|  0%| F|  |TAMS 0x0000000086b00000, 0x0000000086b00000| Untracked 
|  86|0x0000000086c00000, 0x0000000086c00000, 0x0000000086d00000|  0%| F|  |TAMS 0x0000000086c00000, 0x0000000086c00000| Untracked 
|  87|0x0000000086d00000, 0x0000000086d00000, 0x0000000086e00000|  0%| F|  |TAMS 0x0000000086d00000, 0x0000000086d00000| Untracked 
|  88|0x0000000086e00000, 0x0000000086e00000, 0x0000000086f00000|  0%| F|  |TAMS 0x0000000086e00000, 0x0000000086e00000| Untracked 
|  89|0x0000000086f00000, 0x0000000086f00000, 0x0000000087000000|  0%| F|  |TAMS 0x0000000086f00000, 0x0000000086f00000| Untracked 
|  90|0x0000000087000000, 0x0000000087000000, 0x0000000087100000|  0%| F|  |TAMS 0x0000000087000000, 0x0000000087000000| Untracked 
|  91|0x0000000087100000, 0x0000000087100000, 0x0000000087200000|  0%| F|  |TAMS 0x0000000087100000, 0x0000000087100000| Untracked 
|  92|0x0000000087200000, 0x0000000087200000, 0x0000000087300000|  0%| F|  |TAMS 0x0000000087200000, 0x0000000087200000| Untracked 
|  93|0x0000000087300000, 0x0000000087300000, 0x0000000087400000|  0%| F|  |TAMS 0x0000000087300000, 0x0000000087300000| Untracked 
|  94|0x0000000087400000, 0x0000000087400000, 0x0000000087500000|  0%| F|  |TAMS 0x0000000087400000, 0x0000000087400000| Untracked 
|  95|0x0000000087500000, 0x0000000087500000, 0x0000000087600000|  0%| F|  |TAMS 0x0000000087500000, 0x0000000087500000| Untracked 
|  96|0x0000000087600000, 0x0000000087600000, 0x0000000087700000|  0%| F|  |TAMS 0x0000000087600000, 0x0000000087600000| Untracked 
|  97|0x0000000087700000, 0x0000000087700000, 0x0000000087800000|  0%| F|  |TAMS 0x0000000087700000, 0x0000000087700000| Untracked 
|  98|0x0000000087800000, 0x0000000087800000, 0x0000000087900000|  0%| F|  |TAMS 0x0000000087800000, 0x0000000087800000| Untracked 
|  99|0x0000000087900000, 0x0000000087900000, 0x0000000087a00000|  0%| F|  |TAMS 0x0000000087900000, 0x0000000087900000| Untracked 
| 100|0x0000000087a00000, 0x0000000087a00000, 0x0000000087b00000|  0%| F|  |TAMS 0x0000000087a00000, 0x0000000087a00000| Untracked 
| 101|0x0000000087b00000, 0x0000000087b00000, 0x0000000087c00000|  0%| F|  |TAMS 0x0000000087b00000, 0x0000000087b00000| Untracked 
| 102|0x0000000087c00000, 0x0000000087c00000, 0x0000000087d00000|  0%| F|  |TAMS 0x0000000087c00000, 0x0000000087c00000| Untracked 
| 103|0x0000000087d00000, 0x0000000087d00000, 0x0000000087e00000|  0%| F|  |TAMS 0x0000000087d00000, 0x0000000087d00000| Untracked 
| 104|0x0000000087e00000, 0x0000000087e00000, 0x0000000087f00000|  0%| F|  |TAMS 0x0000000087e00000, 0x0000000087e00000| Untracked 
| 105|0x0000000087f00000, 0x0000000087f00000, 0x0000000088000000|  0%| F|  |TAMS 0x0000000087f00000, 0x0000000087f00000| Untracked 
| 106|0x0000000088000000, 0x0000000088000000, 0x0000000088100000|  0%| F|  |TAMS 0x0000000088000000, 0x0000000088000000| Untracked 
| 107|0x0000000088100000, 0x0000000088100000, 0x0000000088200000|  0%| F|  |TAMS 0x0000000088100000, 0x0000000088100000| Untracked 
| 108|0x0000000088200000, 0x0000000088200000, 0x0000000088300000|  0%| F|  |TAMS 0x0000000088200000, 0x0000000088200000| Untracked 
| 109|0x0000000088300000, 0x0000000088300000, 0x0000000088400000|  0%| F|  |TAMS 0x0000000088300000, 0x0000000088300000| Untracked 
| 110|0x0000000088400000, 0x0000000088400000, 0x0000000088500000|  0%| F|  |TAMS 0x0000000088400000, 0x0000000088400000| Untracked 
| 111|0x0000000088500000, 0x0000000088500000, 0x0000000088600000|  0%| F|  |TAMS 0x0000000088500000, 0x0000000088500000| Untracked 
| 112|0x0000000088600000, 0x0000000088600000, 0x0000000088700000|  0%| F|  |TAMS 0x0000000088600000, 0x0000000088600000| Untracked 
| 113|0x0000000088700000, 0x0000000088700000, 0x0000000088800000|  0%| F|  |TAMS 0x0000000088700000, 0x0000000088700000| Untracked 
| 114|0x0000000088800000, 0x0000000088800000, 0x0000000088900000|  0%| F|  |TAMS 0x0000000088800000, 0x0000000088800000| Untracked 
| 115|0x0000000088900000, 0x0000000088900000, 0x0000000088a00000|  0%| F|  |TAMS 0x0000000088900000, 0x0000000088900000| Untracked 
| 116|0x0000000088a00000, 0x0000000088a00000, 0x0000000088b00000|  0%| F|  |TAMS 0x0000000088a00000, 0x0000000088a00000| Untracked 
| 117|0x0000000088b00000, 0x0000000088b00000, 0x0000000088c00000|  0%| F|  |TAMS 0x0000000088b00000, 0x0000000088b00000| Untracked 
| 118|0x0000000088c00000, 0x0000000088c00000, 0x0000000088d00000|  0%| F|  |TAMS 0x0000000088c00000, 0x0000000088c00000| Untracked 
| 119|0x0000000088d00000, 0x0000000088d00000, 0x0000000088e00000|  0%| F|  |TAMS 0x0000000088d00000, 0x0000000088d00000| Untracked 
| 120|0x0000000088e00000, 0x0000000088e00000, 0x0000000088f00000|  0%| F|  |TAMS 0x0000000088e00000, 0x0000000088e00000| Untracked 
| 121|0x0000000088f00000, 0x0000000088f00000, 0x0000000089000000|  0%| F|  |TAMS 0x0000000088f00000, 0x0000000088f00000| Untracked 
| 122|0x0000000089000000, 0x00000000890c83f0, 0x0000000089100000| 78%| E|  |TAMS 0x0000000089000000, 0x0000000089000000| Complete 
| 123|0x0000000089100000, 0x0000000089200000, 0x0000000089200000|100%| E|CS|TAMS 0x0000000089100000, 0x0000000089100000| Complete 
| 124|0x0000000089200000, 0x0000000089300000, 0x0000000089300000|100%| E|CS|TAMS 0x0000000089200000, 0x0000000089200000| Complete 
| 125|0x0000000089300000, 0x0000000089400000, 0x0000000089400000|100%| E|CS|TAMS 0x0000000089300000, 0x0000000089300000| Complete 
| 126|0x0000000089400000, 0x0000000089500000, 0x0000000089500000|100%| E|CS|TAMS 0x0000000089400000, 0x0000000089400000| Complete 
| 127|0x0000000089500000, 0x0000000089600000, 0x0000000089600000|100%| E|CS|TAMS 0x0000000089500000, 0x0000000089500000| Complete 

Card table byte_map: [0x0000027ef16e0000,0x0000027ef1ae0000] _byte_map_base: 0x0000027ef12d5000

Marking Bits (Prev, Next): (CMBitMap*) 0x0000027ee9b0b480, (CMBitMap*) 0x0000027ee9b0b4c0
 Prev Bits: [0x0000027ef1ee0000, 0x0000027ef3e88000)
 Next Bits: [0x0000027ef3e90000, 0x0000027ef5e38000)

Polling page: 0x0000027ee92b0000

Metaspace:

Usage:
  Non-class:    919.13 KB used.
      Class:     78.09 KB used.
       Both:    997.23 KB used.

Virtual space:
  Non-class space:        8.00 MB reserved,     960.00 KB ( 12%) committed,  1 nodes.
      Class space:        1.00 GB reserved,     192.00 KB ( <1%) committed,  1 nodes.
             Both:        1.01 GB reserved,       1.12 MB ( <1%) committed. 

Chunk freelists:
   Non-Class:  3.95 MB
       Class:  3.73 MB
        Both:  7.68 MB

MaxMetaspaceSize: unlimited
CompressedClassSpaceSize: 1.00 GB
Initial GC threshold: 21.00 MB
Current GC threshold: 21.00 MB
CDS: on
MetaspaceReclaimPolicy: balanced
 - commit_granule_bytes: 65536.
 - commit_granule_words: 8192.
 - virtual_space_node_default_size: 1048576.
 - enlarge_chunks_in_place: 1.
 - new_chunks_are_fully_committed: 0.
 - uncommit_free_chunks: 1.
 - use_allocation_guard: 0.
 - handle_deallocations: 1.


Internal statistics:

num_allocs_failed_limit: 0.
num_arena_births: 26.
num_arena_deaths: 0.
num_vsnodes_births: 2.
num_vsnodes_deaths: 0.
num_space_committed: 18.
num_space_uncommitted: 0.
num_chunks_returned_to_freelist: 0.
num_chunks_taken_from_freelist: 33.
num_chunk_merges: 0.
num_chunk_splits: 22.
num_chunks_enlarged: 12.
num_purges: 0.
num_inconsistent_stats: 0.

CodeHeap 'non-profiled nmethods': size=120000Kb used=164Kb max_used=164Kb free=119835Kb
 bounds [0x0000027e87ad0000, 0x0000027e87d40000, 0x0000027e8f000000]
CodeHeap 'profiled nmethods': size=120000Kb used=508Kb max_used=508Kb free=119491Kb
 bounds [0x0000027e805a0000, 0x0000027e80810000, 0x0000027e87ad0000]
CodeHeap 'non-nmethods': size=5760Kb used=1127Kb max_used=1151Kb free=4632Kb
 bounds [0x0000027e80000000, 0x0000027e80270000, 0x0000027e805a0000]
 total_blobs=832 nmethods=422 adapters=323
 compilation: enabled
              stopped_count=0, restarted_count=0
 full_count=0

Compilation events (20 events):
Event: 2.140 Thread 0x0000027ef8eb03e0 nmethod 401 0x0000027e87aee510 code [0x0000027e87aee680, 0x0000027e87aee7d8]
Event: 2.140 Thread 0x0000027ef8eb03e0  402       4       jdk.internal.misc.Unsafe::allocateUninitializedArray (55 bytes)
Event: 2.142 Thread 0x0000027ef8eb03e0 nmethod 402 0x0000027e87aee910 code [0x0000027e87aeeaa0, 0x0000027e87aeec58]
Event: 2.142 Thread 0x0000027ef8eb03e0  403       4       java.lang.StringConcatHelper::newString (67 bytes)
Event: 2.144 Thread 0x0000027ef8eb03e0 nmethod 403 0x0000027e87aeed90 code [0x0000027e87aeef20, 0x0000027e87aef058]
Event: 2.144 Thread 0x0000027ef8eb03e0  404       4       java.lang.Integer::stringSize (47 bytes)
Event: 2.146 Thread 0x0000027ef8eb03e0 nmethod 404 0x0000027e87aef110 code [0x0000027e87aef280, 0x0000027e87aef378]
Event: 2.146 Thread 0x0000027ef8eb03e0  405   !   4       java.io.BufferedWriter::flushBuffer (53 bytes)
Event: 2.160 Thread 0x0000027ef8eb03e0 nmethod 405 0x0000027e87aef410 code [0x0000027e87aef600, 0x0000027e87af0278]
Event: 2.161 Thread 0x0000027ef8eb03e0  406       4       java.nio.ByteBuffer::position (6 bytes)
Event: 2.162 Thread 0x0000027ef8eb03e0 nmethod 406 0x0000027e87af0b90 code [0x0000027e87af0d20, 0x0000027e87af0e18]
Event: 2.162 Thread 0x0000027ef8eb03e0  407       4       java.nio.ByteBuffer::flip (7 bytes)
Event: 2.163 Thread 0x0000027ef8eb03e0 nmethod 407 0x0000027e87af0f10 code [0x0000027e87af1080, 0x0000027e87af1118]
Event: 2.163 Thread 0x0000027ef8eb03e0  408       4       java.nio.HeapCharBuffer::<init> (23 bytes)
Event: 2.168 Thread 0x0000027ef8eb03e0 nmethod 408 0x0000027e87af1210 code [0x0000027e87af13a0, 0x0000027e87af1798]
Event: 2.168 Thread 0x0000027ef8eb03e0  409       4       sun.nio.cs.StreamEncoder::writeBytes (139 bytes)
Event: 2.179 Thread 0x0000027ef8eb03e0 nmethod 409 0x0000027e87af1a90 code [0x0000027e87af1c60, 0x0000027e87af2808]
Event: 2.179 Thread 0x0000027ef8eb03e0  410       4       java.lang.invoke.LambdaForm$MH/0x0000000800c03c00::invoke (27 bytes)
Event: 2.181 Thread 0x0000027ef8eb03e0 nmethod 410 0x0000027e87af2f10 code [0x0000027e87af30a0, 0x0000027e87af31b8]
Event: 2.181 Thread 0x0000027ef8eb03e0  412   !   4       java.io.PrintStream::println (44 bytes)

GC Heap History (0 events):
No events

Deoptimization events (16 events):
Event: 2.137 Thread 0x0000027ee9accd00 Uncommon trap: trap_request=0xffffffde fr.pc=0x0000027e87aee2c8 relative=0x0000000000000128
Event: 2.137 Thread 0x0000027ee9accd00 Uncommon trap: reason=class_check action=maybe_recompile pc=0x0000027e87aee2c8 method=jdk.internal.misc.Unsafe.allocateUninitializedArray(Ljava/lang/Class;I)Ljava/lang/Object; @ 51 c2
Event: 2.138 Thread 0x0000027ee9accd00 DEOPT PACKING pc=0x0000027e87aee2c8 sp=0x00000098290ff000
Event: 2.138 Thread 0x0000027ee9accd00 DEOPT UNPACKING pc=0x0000027e800523a3 sp=0x00000098290fef88 mode 2
Event: 2.138 Thread 0x0000027ee9accd00 Uncommon trap: trap_request=0xffffffde fr.pc=0x0000027e87aee2c8 relative=0x0000000000000128
Event: 2.138 Thread 0x0000027ee9accd00 Uncommon trap: reason=class_check action=maybe_recompile pc=0x0000027e87aee2c8 method=jdk.internal.misc.Unsafe.allocateUninitializedArray(Ljava/lang/Class;I)Ljava/lang/Object; @ 51 c2
Event: 2.138 Thread 0x0000027ee9accd00 DEOPT PACKING pc=0x0000027e87aee2c8 sp=0x00000098290ff000
Event: 2.138 Thread 0x0000027ee9accd00 DEOPT UNPACKING pc=0x0000027e800523a3 sp=0x00000098290fef88 mode 2
Event: 2.138 Thread 0x0000027ee9accd00 Uncommon trap: trap_request=0xffffffde fr.pc=0x0000027e87aee2c8 relative=0x0000000000000128
Event: 2.138 Thread 0x0000027ee9accd00 Uncommon trap: reason=class_check action=maybe_recompile pc=0x0000027e87aee2c8 method=jdk.internal.misc.Unsafe.allocateUninitializedArray(Ljava/lang/Class;I)Ljava/lang/Object; @ 51 c2
Event: 2.138 Thread 0x0000027ee9accd00 DEOPT PACKING pc=0x0000027e87aee2c8 sp=0x00000098290ff000
Event: 2.138 Thread 0x0000027ee9accd00 DEOPT UNPACKING pc=0x0000027e800523a3 sp=0x00000098290fef88 mode 2
Event: 2.138 Thread 0x0000027ee9accd00 Uncommon trap: trap_request=0xffffffde fr.pc=0x0000027e87aee2c8 relative=0x0000000000000128
Event: 2.138 Thread 0x0000027ee9accd00 Uncommon trap: reason=class_check action=maybe_recompile pc=0x0000027e87aee2c8 method=jdk.internal.misc.Unsafe.allocateUninitializedArray(Ljava/lang/Class;I)Ljava/lang/Object; @ 51 c2
Event: 2.138 Thread 0x0000027ee9accd00 DEOPT PACKING pc=0x0000027e87aee2c8 sp=0x00000098290ff000
Event: 2.138 Thread 0x0000027ee9accd00 DEOPT UNPACKING pc=0x0000027e800523a3 sp=0x00000098290fef88 mode 2

Classes unloaded (0 events):
No events

Classes redefined (0 events):
No events

Internal exceptions (2 events):
Event: 0.202 Thread 0x0000027ef8db9090 Exception <a 'java/lang/NoSuchMethodError'{0x00000000894ccac0}: 'java.lang.Object java.lang.invoke.DirectMethodHandle$Holder.invokeStaticInit(java.lang.Object)'> (0x00000000894ccac0) 
thrown [t:\workspace\open\src\hotspot\share\interpreter\linkResolver.cpp, line 766]
Event: 0.211 Thread 0x0000027ef8db9090 Exception <a 'java/lang/NoSuchMethodError'{0x00000000894da208}: 'void java.lang.invoke.DirectMethodHandle$Holder.invokeStatic(java.lang.Object, java.lang.Object)'> (0x00000000894da208) 
thrown [t:\workspace\open\src\hotspot\share\interpreter\linkResolver.cpp, line 766]

VM Operations (6 events):
Event: 0.121 Executing VM operation: HandshakeAllThreads
Event: 0.121 Executing VM operation: HandshakeAllThreads done
Event: 0.200 Executing VM operation: HandshakeAllThreads
Event: 0.200 Executing VM operation: HandshakeAllThreads done
Event: 1.207 Executing VM operation: Cleanup
Event: 1.207 Executing VM operation: Cleanup done

Events (20 events):
Event: 0.217 loading class sun/nio/ch/Util$BufferCache done
Event: 0.218 loading class java/nio/DirectByteBuffer$Deallocator
Event: 0.218 loading class java/nio/DirectByteBuffer$Deallocator done
Event: 0.221 loading class sun/util/resources/LocaleData$CommonResourceBundleProvider
Event: 0.221 loading class sun/util/resources/LocaleData$LocaleDataResourceBundleProvider
Event: 0.221 loading class java/util/spi/ResourceBundleProvider
Event: 0.221 loading class java/util/spi/ResourceBundleProvider done
Event: 0.221 loading class sun/util/resources/LocaleData$LocaleDataResourceBundleProvider done
Event: 0.221 loading class sun/util/resources/LocaleData$CommonResourceBundleProvider done
Event: 0.222 loading class sun/util/resources/Bundles$2
Event: 0.222 loading class sun/util/resources/Bundles$2 done
Event: 0.223 loading class java/lang/InstantiationException
Event: 0.223 loading class java/lang/InstantiationException done
Event: 0.223 loading class java/lang/IllegalAccessException
Event: 0.223 loading class java/lang/IllegalAccessException done
Event: 2.047 loading class java/util/regex/Pattern$1
Event: 2.047 loading class java/util/regex/Pattern$1 done
Event: 2.127 Thread 0x0000027ef8eb03e0 Thread added: 0x0000027ef8eb03e0
Event: 2.162 loading class jdk/internal/access/foreign/MemorySegmentProxy
Event: 2.162 loading class jdk/internal/access/foreign/MemorySegmentProxy done


Dynamic libraries:
0x00007ff7fb920000 - 0x00007ff7fb930000 	C:\Program Files\Java\jdk-17.0.1\bin\java.exe
0x00007ffa0c570000 - 0x00007ffa0c768000 	C:\Windows\SYSTEM32\ntdll.dll
0x00007ffa0ba10000 - 0x00007ffa0bacd000 	C:\Windows\System32\KERNEL32.DLL
0x00007ffa09c90000 - 0x00007ffa09f5e000 	C:\Windows\System32\KERNELBASE.dll
0x00007ffa0a410000 - 0x00007ffa0a510000 	C:\Windows\System32\ucrtbase.dll
0x00007ffa04d70000 - 0x00007ffa04d8a000 	C:\Program Files\Java\jdk-17.0.1\bin\VCRUNTIME140.dll
0x00007ffa04d50000 - 0x00007ffa04d68000 	C:\Program Files\Java\jdk-17.0.1\bin\jli.dll
0x00007ffa0ae00000 - 0x00007ffa0aeae000 	C:\Windows\System32\ADVAPI32.dll
0x00007ffa0b870000 - 0x00007ffa0b90e000 	C:\Windows\System32\msvcrt.dll
0x00007ffa0b910000 - 0x00007ffa0b9ac000 	C:\Windows\System32\sechost.dll
0x00007ffa0af80000 - 0x00007ffa0b0a5000 	C:\Windows\System32\RPCRT4.dll
0x00007ffa0b670000 - 0x00007ffa0b810000 	C:\Windows\System32\USER32.dll
0x00007ffa0a5a0000 - 0x00007ffa0a5c2000 	C:\Windows\System32\win32u.dll
0x00007ffa0af10000 - 0x00007ffa0af3a000 	C:\Windows\System32\GDI32.dll
0x00007ffa0a160000 - 0x00007ffa0a26b000 	C:\Windows\System32\gdi32full.dll
0x00007ffa09f60000 - 0x00007ffa09ffd000 	C:\Windows\System32\msvcp_win.dll
0x00007ff9ef5f0000 - 0x00007ff9ef88a000 	C:\Windows\WinSxS\amd64_microsoft.windows.common-controls_6595b64144ccf1df_6.0.19041.1110_none_60b5254171f9507e\COMCTL32.dll
0x00007ffa03470000 - 0x00007ffa0347a000 	C:\Windows\SYSTEM32\VERSION.dll
0x00007ffa0af50000 - 0x00007ffa0af80000 	C:\Windows\System32\IMM32.DLL
0x00007ffa056d0000 - 0x00007ffa056dc000 	C:\Program Files\Java\jdk-17.0.1\bin\vcruntime140_1.dll
0x00007ff9fcbc0000 - 0x00007ff9fcc4d000 	C:\Program Files\Java\jdk-17.0.1\bin\msvcp140.dll
0x00007ff9b8420000 - 0x00007ff9b8fde000 	C:\Program Files\Java\jdk-17.0.1\bin\server\jvm.dll
0x00007ffa0c3e0000 - 0x00007ffa0c3e8000 	C:\Windows\System32\PSAPI.DLL
0x00007ffa05560000 - 0x00007ffa05569000 	C:\Windows\SYSTEM32\WSOCK32.dll
0x00007ff9f23b0000 - 0x00007ff9f23d7000 	C:\Windows\SYSTEM32\WINMM.dll
0x00007ffa0b160000 - 0x00007ffa0b1cb000 	C:\Windows\System32\WS2_32.dll
0x00007ffa07b80000 - 0x00007ffa07b92000 	C:\Windows\SYSTEM32\kernel.appcore.dll
0x00007ffa05550000 - 0x00007ffa0555a000 	C:\Program Files\Java\jdk-17.0.1\bin\jimage.dll
0x00007ffa01720000 - 0x00007ffa01904000 	C:\Windows\SYSTEM32\DBGHELP.DLL
0x00007ffa01fb0000 - 0x00007ffa01fdc000 	C:\Windows\SYSTEM32\dbgcore.DLL
0x00007ffa0a510000 - 0x00007ffa0a592000 	C:\Windows\System32\bcryptPrimitives.dll
0x00007ffa05190000 - 0x00007ffa0519e000 	C:\Program Files\Java\jdk-17.0.1\bin\instrument.dll
0x00007ffa04a40000 - 0x00007ffa04a65000 	C:\Program Files\Java\jdk-17.0.1\bin\java.dll
0x00007ff9e4730000 - 0x00007ff9e4806000 	C:\Program Files\Java\jdk-17.0.1\bin\svml.dll
0x00007ffa0bc90000 - 0x00007ffa0c3d3000 	C:\Windows\System32\SHELL32.dll
0x00007ffa07d80000 - 0x00007ffa08515000 	C:\Windows\SYSTEM32\windows.storage.dll
0x00007ffa0b260000 - 0x00007ffa0b5b4000 	C:\Windows\System32\combase.dll
0x00007ffa096f0000 - 0x00007ffa09720000 	C:\Windows\SYSTEM32\Wldp.dll
0x00007ffa0b5c0000 - 0x00007ffa0b66d000 	C:\Windows\System32\SHCORE.dll
0x00007ffa0b810000 - 0x00007ffa0b865000 	C:\Windows\System32\shlwapi.dll
0x00007ffa09bd0000 - 0x00007ffa09bef000 	C:\Windows\SYSTEM32\profapi.dll
0x00007ffa03c10000 - 0x00007ffa03c28000 	C:\Program Files\Java\jdk-17.0.1\bin\zip.dll
0x00007ffa04a20000 - 0x00007ffa04a39000 	C:\Program Files\Java\jdk-17.0.1\bin\net.dll
0x00007ff9ff6e0000 - 0x00007ff9ff7ea000 	C:\Windows\SYSTEM32\WINHTTP.dll
0x00007ffa09450000 - 0x00007ffa094ba000 	C:\Windows\system32\mswsock.dll
0x00007ffa04030000 - 0x00007ffa04045000 	C:\Program Files\Java\jdk-17.0.1\bin\nio.dll
0x00007ffa03bf0000 - 0x00007ffa03c0a000 	C:\Program Files\JetBrains\IntelliJ IDEA Community Edition 2021.3.1\bin\breakgen64.dll

dbghelp: loaded successfully - version: 4.0.5 - missing functions: none
symbol engine: initialized successfully - sym options: 0x614 - pdb path: .;C:\Program Files\Java\jdk-17.0.1\bin;C:\Windows\SYSTEM32;C:\Windows\WinSxS\amd64_microsoft.windows.common-controls_6595b64144ccf1df_6.0.19041.1110_none_60b5254171f9507e;C:\Program Files\Java\jdk-17.0.1\bin\server;C:\Program Files\JetBrains\IntelliJ IDEA Community Edition 2021.3.1\bin

VM Arguments:
jvm_args: -javaagent:C:\Program Files\JetBrains\IntelliJ IDEA Community Edition 2021.3.1\lib\idea_rt.jar=49745:C:\Program Files\JetBrains\IntelliJ IDEA Community Edition 2021.3.1\bin -Dfile.encoding=UTF-8 
java_command: Main
java_class_path (initial): C:\javapatikabaslangic\mukemmelSayiBulanProgram\out\production\mukemmelSayiBulanProgram
Launcher Type: SUN_STANDARD

[Global flags]
     intx CICompilerCount                          = 3                                         {product} {ergonomic}
     uint ConcGCThreads                            = 1                                         {product} {ergonomic}
     uint G1ConcRefinementThreads                  = 4                                         {product} {ergonomic}
   size_t G1HeapRegionSize                         = 1048576                                   {product} {ergonomic}
    uintx GCDrainStackTargetSize                   = 64                                        {product} {ergonomic}
   size_t InitialHeapSize                          = 134217728                                 {product} {ergonomic}
   size_t MarkStackSize                            = 4194304                                   {product} {ergonomic}
   size_t MaxHeapSize                              = 2124414976                                {product} {ergonomic}
   size_t MaxNewSize                               = 1274019840                                {product} {ergonomic}
   size_t MinHeapDeltaBytes                        = 1048576                                   {product} {ergonomic}
   size_t MinHeapSize                              = 8388608                                   {product} {ergonomic}
    uintx NonNMethodCodeHeapSize                   = 5832780                                {pd product} {ergonomic}
    uintx NonProfiledCodeHeapSize                  = 122912730                              {pd product} {ergonomic}
    uintx ProfiledCodeHeapSize                     = 122912730                              {pd product} {ergonomic}
    uintx ReservedCodeCacheSize                    = 251658240                              {pd product} {ergonomic}
     bool SegmentedCodeCache                       = true                                      {product} {ergonomic}
   size_t SoftMaxHeapSize                          = 2124414976                             {manageable} {ergonomic}
     bool UseCompressedClassPointers               = true                           {product lp64_product} {ergonomic}
     bool UseCompressedOops                        = true                           {product lp64_product} {ergonomic}
     bool UseG1GC                                  = true                                      {product} {ergonomic}
     bool UseLargePagesIndividualAllocation        = false                                  {pd product} {ergonomic}

Logging:
Log output configuration:
 #0: stdout all=warning uptime,level,tags
 #1: stderr all=off uptime,level,tags

Environment Variables:
PATH=C:\Program Files\Common Files\Oracle\Java\javapath;C:\Program Files (x86)\Common Files\Oracle\Java\javapath;C:\Windows\system32;C:\Windows;C:\Windows\System32\Wbem;C:\Windows\System32\WindowsPowerShell\v1.0\;C:\Windows\System32\OpenSSH\;C:\Program Files (x86)\NVIDIA Corporation\PhysX\Common;C:\Program Files\NVIDIA Corporation\NVIDIA NvDLISR;C:\Program Files (x86)\Microsoft SQL Server\150\Tools\Binn\;C:\Program Files\Microsoft SQL Server\150\Tools\Binn\;C:\Program Files (x86)\Microsoft SQL Server\150\DTS\Binn\;C:\Program Files\Microsoft SQL Server\150\DTS\Binn\;C:\Program Files\Microsoft SQL Server\Client SDK\ODBC\170\Tools\Binn\;C:\Program Files\Azure Data Studio\bin;C:\Program Files\dotnet\;C:\Program Files\Git\cmd;C:\Program Files\Microsoft SQL Server\130\Tools\Binn\;C:\Program Files\nodejs\;C:\Program Files\MySQL\MySQL Shell 8.0\bin\;C:\Users\Emrah\AppData\Local\Microsoft\WindowsApps;;C:\Program Files\Azure Data Studio\bin;C:\Users\Emrah\.dotnet\tools;C:\Users\Emrah\AppData\Roaming\npm;C:\Users\Emrah\AppData\Local\Programs\Microsoft VS Code\bin
USERNAME=Emrah
OS=Windows_NT
PROCESSOR_IDENTIFIER=Intel64 Family 6 Model 78 Stepping 3, GenuineIntel



---------------  S Y S T E M  ---------------

OS:
 Windows 10 , 64 bit Build 19041 (10.0.19041.1889)
OS uptime: 1 days 0:56 hours

CPU: total 4 (initial active 4) (2 cores per cpu, 2 threads per core) family 6 model 78 stepping 3 microcode 0xcc, cx8, cmov, fxsr, ht, mmx, 3dnowpref, sse, sse2, sse3, ssse3, sse4.1, sse4.2, popcnt, lzcnt, tsc, tscinvbit, avx, avx2, aes, erms, clmul, bmi1, bmi2, adx, fma, vzeroupper, clflush, clflushopt

Memory: 4k page, system-wide physical 8100M (2810M free)
TotalPageFile size 9380M (AvailPageFile size 2567M)
current process WorkingSet (physical memory assigned to process): 44M, peak: 44M
current process commit charge ("private bytes"): 208M, peak: 208M

vm_info: Java HotSpot(TM) 64-Bit Server VM (17.0.1+12-LTS-39) for windows-amd64 JRE (17.0.1+12-LTS-39), built on Sep 27 2021 18:41:35 by "mach5one" with MS VC++ 16.8 (VS2019)

END.
